Vivado Simulator v2022.2
Copyright 1986-1999, 2001-2022 Xilinx, Inc. All Rights Reserved.
Running: C:/Xilinx/Vivado/2022.2/bin/unwrapped/win64.o/xelab.exe --incr --debug typical --relax --mt 2 -L xil_defaultlib -L uvm -L unisims_ver -L unimacro_ver -L secureip --snapshot cpu_tb_behav xil_defaultlib.cpu_tb xil_defaultlib.glbl -log elaborate.log 
Using 2 slave threads.
Starting static elaboration
Pass Through NonSizing Optimizer
WARNING: [VRFC 10-3091] actual bit length 4 differs from formal bit length 1 for port 'wr_req' [D:/experiment_Vivado/Grade3_spring/Lab3/lab3/lab3.srcs/sources_1/imports/PART-code/MemWbSegReg/WbData.v:169]
WARNING: [VRFC 10-5021] port 'CPU_Debug_DataCache_A2' is not connected on this instance [D:/experiment_Vivado/Grade3_spring/Lab3/lab3/lab3.srcs/sim_1/imports/Testbench/cpu_tb.v:10]
Completed static elaboration
Starting simulation data flow analysis
Completed simulation data flow analysis
Time Resolution for simulation is 1ps
Compiling module xil_defaultlib.NPC_Generator
Compiling module xil_defaultlib.PC_IF
Compiling module xil_defaultlib.PC_ID
Compiling module xil_defaultlib.InstructionCache
Compiling module xil_defaultlib.IR_ID
Compiling module xil_defaultlib.CSR_EX
Compiling module xil_defaultlib.RegisterFile
Compiling module xil_defaultlib.ControllerDecoder
Compiling module xil_defaultlib.ImmExtend
Compiling module xil_defaultlib.PC_EX
Compiling module xil_defaultlib.BR_Target_EX
Compiling module xil_defaultlib.Op1_EX
Compiling module xil_defaultlib.Imm_EX
Compiling module xil_defaultlib.Reg2_EX
Compiling module xil_defaultlib.Addr_EX
Compiling module xil_defaultlib.Ctrl_EX
Compiling module xil_defaultlib.CSR_Regfile
Compiling module xil_defaultlib.ALU
Compiling module xil_defaultlib.BranchDecision
Compiling module xil_defaultlib.Result_MEM
Compiling module xil_defaultlib.Reg2_MEM
Compiling module xil_defaultlib.Addr_MEM
Compiling module xil_defaultlib.Ctrl_MEM
Compiling module xil_defaultlib.mem(ADDR_LEN=12)
Compiling module xil_defaultlib.main_mem(ADDR_LEN=9)
Compiling module xil_defaultlib.cache(LINE_ADDR_LEN=3,TAG_ADDR_L...
Compiling module xil_defaultlib.DataExtend
Compiling module xil_defaultlib.WB_Data_WB
Compiling module xil_defaultlib.Addr_WB
Compiling module xil_defaultlib.Ctrl_WB
Compiling module xil_defaultlib.HarzardUnit
Compiling module xil_defaultlib.RV32ICore
Compiling module xil_defaultlib.cpu_tb
Compiling module xil_defaultlib.glbl
Built simulation snapshot cpu_tb_behav
